<?xml version="1.0" encoding="UTF-8"?>
<robot generator="Robot 7.0.1 (Python 3.10.12 on linux)" generated="2024-07-25T15:51:04.664479" rpa="false" schemaversion="5">
<suite id="s1" name="Mytest" source="/workspaces/rf/CRM/Tests/mytest.robot">
<test id="s1-t1" name="Should be able to add new customer" line="10">
<kw name="Set Selenium Speed" owner="SeleniumLibrary">
<arg>.2s</arg>
<doc>Sets the delay that is waited after each Selenium command.</doc>
<status status="PASS" start="2024-07-25T15:51:04.810749" elapsed="0.000355"/>
</kw>
<kw name="Set Selenium Timeout" owner="SeleniumLibrary">
<arg>10s</arg>
<doc>Sets the timeout that is used by various keywords.</doc>
<status status="PASS" start="2024-07-25T15:51:04.811883" elapsed="0.000323"/>
</kw>
<kw name="Log" owner="BuiltIn">
<msg time="2024-07-25T15:51:04.812680" level="INFO">Starting the test case!</msg>
<arg>Starting the test case!</arg>
<doc>Logs the given message with the given level.</doc>
<status status="PASS" start="2024-07-25T15:51:04.812437" elapsed="0.001875"/>
</kw>
<kw name="Open Browser" owner="SeleniumLibrary">
<msg time="2024-07-25T15:51:04.815095" level="INFO">Opening browser 'firefox' to base url 'https://automationplayground.com/crm/'.</msg>
<arg>https://automationplayground.com/crm/</arg>
<arg>firefox</arg>
<doc>Opens a new browser instance to the optional ``url``.</doc>
<status status="PASS" start="2024-07-25T15:51:04.814691" elapsed="22.243845"/>
</kw>
<kw name="Set Window Position" owner="SeleniumLibrary">
<arg>x=341</arg>
<arg>y=169</arg>
<doc>Sets window position using ``x`` and ``y`` coordinates.</doc>
<status status="PASS" start="2024-07-25T15:51:27.059790" elapsed="6.082862"/>
</kw>
<kw name="Set Window Size" owner="SeleniumLibrary">
<arg>width=1935</arg>
<arg>height=1090</arg>
<doc>Sets current windows size to given ``width`` and ``height``.</doc>
<status status="PASS" start="2024-07-25T15:51:33.143423" elapsed="5.255523"/>
</kw>
<kw name="Sleep" owner="BuiltIn">
<msg time="2024-07-25T15:51:41.401145" level="INFO">Slept 3 seconds.</msg>
<arg>3s</arg>
<doc>Pauses the test executed for the given time.</doc>
<status status="PASS" start="2024-07-25T15:51:38.400049" elapsed="3.001682"/>
</kw>
<kw name="Close Browser" owner="SeleniumLibrary">
<doc>Closes the current browser.</doc>
<status status="PASS" start="2024-07-25T15:51:41.402815" elapsed="0.805348"/>
</kw>
<doc>This is some basic info about the test</doc>
<tag>1006</tag>
<tag>Contacts</tag>
<tag>Smoke</tag>
<status status="PASS" start="2024-07-25T15:51:04.809587" elapsed="37.399722"/>
</test>
<doc>This is some basic info about the whole suite</doc>
<status status="PASS" start="2024-07-25T15:51:04.670007" elapsed="37.541487"/>
</suite>
<statistics>
<total>
<stat pass="1" fail="0" skip="0">All Tests</stat>
</total>
<tag>
<stat pass="1" fail="0" skip="0">1006</stat>
<stat pass="1" fail="0" skip="0">Contacts</stat>
<stat pass="1" fail="0" skip="0">Smoke</stat>
</tag>
<suite>
<stat pass="1" fail="0" skip="0" id="s1" name="Mytest">Mytest</stat>
</suite>
</statistics>
<errors>
</errors>
</robot>
