<?xml version="1.0" encoding="UTF-8"?>
<robot generator="Robot 7.0.1 (Python 3.10.12 on linux)" generated="2024-07-26T07:05:19.439608" rpa="false" schemaversion="5">
<suite id="s1" name="CRM" source="/workspaces/rf/CRM">
<suite id="s1-s1" name="Tests" source="/workspaces/rf/CRM/Tests">
<suite id="s1-s1-s1" name="Mytest" source="/workspaces/rf/CRM/Tests/mytest.robot">
<test id="s1-s1-s1-t1" name="Should be able to add new customer" line="11">
<kw name="Set Selenium Speed" owner="SeleniumLibrary">
<arg>.2s</arg>
<doc>Sets the delay that is waited after each Selenium command.</doc>
<status status="PASS" start="2024-07-26T07:05:19.571463" elapsed="0.000455"/>
</kw>
<kw name="Set Selenium Timeout" owner="SeleniumLibrary">
<arg>10s</arg>
<doc>Sets the timeout that is used by various keywords.</doc>
<status status="PASS" start="2024-07-26T07:05:19.572231" elapsed="0.000314"/>
</kw>
<kw name="Log" owner="BuiltIn">
<msg time="2024-07-26T07:05:19.572954" level="INFO">Starting the test case!</msg>
<arg>Starting the test case!</arg>
<doc>Logs the given message with the given level.</doc>
<status status="PASS" start="2024-07-26T07:05:19.572772" elapsed="0.000257"/>
</kw>
<kw name="Open Browser" owner="SeleniumLibrary">
<msg time="2024-07-26T07:05:19.573646" level="INFO">Opening browser 'chrome' to base url 'https://automationplayground.com/crm/'.</msg>
<arg>https://automationplayground.com/crm/</arg>
<arg>chrome</arg>
<doc>Opens a new browser instance to the optional ``url``.</doc>
<status status="PASS" start="2024-07-26T07:05:19.573261" elapsed="16.334894"/>
</kw>
<kw name="Set Window Position" owner="SeleniumLibrary">
<arg>x=341</arg>
<arg>y=169</arg>
<doc>Sets window position using ``x`` and ``y`` coordinates.</doc>
<status status="PASS" start="2024-07-26T07:05:35.908812" elapsed="0.216460"/>
</kw>
<kw name="Set Window Size" owner="SeleniumLibrary">
<arg>width=1935</arg>
<arg>height=1090</arg>
<doc>Sets current windows size to given ``width`` and ``height``.</doc>
<status status="PASS" start="2024-07-26T07:05:36.125690" elapsed="0.228364"/>
</kw>
<kw name="Page Should Contain" owner="SeleniumLibrary">
<msg time="2024-07-26T07:05:36.769108" level="INFO">Current page contains text 'Customers'.</msg>
<arg>Customers</arg>
<doc>Verifies that current page contains ``text``.</doc>
<status status="PASS" start="2024-07-26T07:05:36.354530" elapsed="0.414789"/>
</kw>
<kw name="Click Link" owner="SeleniumLibrary">
<msg time="2024-07-26T07:05:36.770452" level="INFO">Clicking link 'Sign In'.</msg>
<arg>Sign In</arg>
<doc>Clicks a link identified by ``locator``.</doc>
<status status="PASS" start="2024-07-26T07:05:36.769806" elapsed="1.026110"/>
</kw>
<kw name="Sleep" owner="BuiltIn">
<msg time="2024-07-26T07:05:40.797047" level="INFO">Slept 3 seconds.</msg>
<arg>3s</arg>
<doc>Pauses the test executed for the given time.</doc>
<status status="PASS" start="2024-07-26T07:05:37.796365" elapsed="3.000862"/>
</kw>
<kw name="Capture Page Screenshot" owner="SeleniumLibrary">
<msg time="2024-07-26T07:05:41.135477" level="INFO" html="true">&lt;/td&gt;&lt;/tr&gt;&lt;tr&gt;&lt;td colspan="3"&gt;&lt;a href="selenium-screenshot-1.png"&gt;&lt;img src="selenium-screenshot-1.png" width="800px"&gt;&lt;/a&gt;</msg>
<doc>Takes a screenshot of the current page and embeds it into a log file.</doc>
<status status="PASS" start="2024-07-26T07:05:40.797790" elapsed="0.337869"/>
</kw>
<kw name="Page Should Contain" owner="SeleniumLibrary">
<msg time="2024-07-26T07:05:41.569729" level="INFO">Current page contains text 'Login'.</msg>
<arg>Login</arg>
<doc>Verifies that current page contains ``text``.</doc>
<status status="PASS" start="2024-07-26T07:05:41.136056" elapsed="0.433867"/>
</kw>
<kw name="Input Text" owner="SeleniumLibrary">
<msg time="2024-07-26T07:05:41.570872" level="INFO">Typing text 'Keith@mad.world' into text field 'id=email-id'.</msg>
<arg>id=email-id</arg>
<arg>Keith@mad.world</arg>
<doc>Types the given ``text`` into the text field identified by ``locator``.</doc>
<status status="PASS" start="2024-07-26T07:05:41.570396" elapsed="0.709396"/>
</kw>
<kw name="Input Text" owner="SeleniumLibrary">
<msg time="2024-07-26T07:05:42.280758" level="INFO">Typing text 'sdcsdc' into text field 'id=password'.</msg>
<arg>id=password</arg>
<arg>sdcsdc</arg>
<doc>Types the given ``text`` into the text field identified by ``locator``.</doc>
<status status="PASS" start="2024-07-26T07:05:42.280344" elapsed="0.712640"/>
</kw>
<kw name="Capture Page Screenshot" owner="SeleniumLibrary">
<msg time="2024-07-26T07:05:43.321830" level="INFO" html="true">&lt;/td&gt;&lt;/tr&gt;&lt;tr&gt;&lt;td colspan="3"&gt;&lt;a href="selenium-screenshot-2.png"&gt;&lt;img src="selenium-screenshot-2.png" width="800px"&gt;&lt;/a&gt;</msg>
<doc>Takes a screenshot of the current page and embeds it into a log file.</doc>
<status status="PASS" start="2024-07-26T07:05:42.993512" elapsed="0.328476"/>
</kw>
<kw name="Sleep" owner="BuiltIn">
<msg time="2024-07-26T07:05:46.322675" level="INFO">Slept 3 seconds.</msg>
<arg>3s</arg>
<doc>Pauses the test executed for the given time.</doc>
<status status="PASS" start="2024-07-26T07:05:43.322308" elapsed="3.000502"/>
</kw>
<kw name="Close Browser" owner="SeleniumLibrary">
<doc>Closes the current browser.</doc>
<status status="PASS" start="2024-07-26T07:05:46.323145" elapsed="0.256129"/>
</kw>
<doc>This is some basic info about the test</doc>
<tag>1006</tag>
<tag>Contacts</tag>
<tag>Smoke</tag>
<status status="PASS" start="2024-07-26T07:05:19.568910" elapsed="27.010928"/>
</test>
<doc>This is some basic info about the whole suite</doc>
<status status="PASS" start="2024-07-26T07:05:19.456656" elapsed="27.124008"/>
</suite>
<status status="PASS" start="2024-07-26T07:05:19.455803" elapsed="27.125848"/>
</suite>
<status status="PASS" start="2024-07-26T07:05:19.440386" elapsed="27.141933"/>
</suite>
<statistics>
<total>
<stat pass="1" fail="0" skip="0">All Tests</stat>
</total>
<tag>
<stat pass="1" fail="0" skip="0">1006</stat>
<stat pass="1" fail="0" skip="0">Contacts</stat>
<stat pass="1" fail="0" skip="0">Smoke</stat>
</tag>
<suite>
<stat pass="1" fail="0" skip="0" id="s1" name="CRM">CRM</stat>
<stat pass="1" fail="0" skip="0" id="s1-s1" name="Tests">CRM.Tests</stat>
<stat pass="1" fail="0" skip="0" id="s1-s1-s1" name="Mytest">CRM.Tests.Mytest</stat>
</suite>
</statistics>
<errors>
</errors>
</robot>
